(0.001) 
            SELECT name, type FROM sqlite_master
            WHERE type in ('table', 'view') AND NOT name='sqlite_sequence'
            ORDER BY name; args=None
(0.000) SELECT "django_migrations"."app", "django_migrations"."name" FROM "django_migrations"; args=()
(0.033) SELECT "app_portfolio_perfil"."id", "app_portfolio_perfil"."autor", "app_portfolio_perfil"."nombre", "app_portfolio_perfil"."direccion", "app_portfolio_perfil"."telefono", "app_portfolio_perfil"."email", "app_portfolio_perfil"."webpage", "app_portfolio_perfil"."puesto", "app_portfolio_perfil"."imagen", "app_portfolio_perfil"."cv", "app_portfolio_perfil"."fecha_nacimiento" FROM "app_portfolio_perfil" ORDER BY "app_portfolio_perfil"."id" ASC  LIMIT 1; args=()
(0.000) SELECT "app_portfolio_proyecto"."id", "app_portfolio_proyecto"."titulo", "app_portfolio_proyecto"."descripcion", "app_portfolio_proyecto"."tags", "app_portfolio_proyecto"."url", "app_portfolio_proyecto"."imagen", "app_portfolio_proyecto"."empresa", "app_portfolio_proyecto"."in_catalog" FROM "app_portfolio_proyecto"; args=()
(0.000) SELECT "app_portfolio_referencia"."id", "app_portfolio_referencia"."nombre", "app_portfolio_referencia"."puesto", "app_portfolio_referencia"."empresa", "app_portfolio_referencia"."comentario", "app_portfolio_referencia"."imagen" FROM "app_portfolio_referencia"  LIMIT 21; args=()
(0.000) SELECT "app_portfolio_experiencia"."id", "app_portfolio_experiencia"."nombre", "app_portfolio_experiencia"."porcentaje", "app_portfolio_experiencia"."tipo" FROM "app_portfolio_experiencia" WHERE "app_portfolio_experiencia"."tipo" = '1'  LIMIT 21; args=('1',)
(0.000) SELECT "app_portfolio_experiencia"."id", "app_portfolio_experiencia"."nombre", "app_portfolio_experiencia"."porcentaje", "app_portfolio_experiencia"."tipo" FROM "app_portfolio_experiencia" WHERE "app_portfolio_experiencia"."tipo" = '2'  LIMIT 21; args=('2',)
(0.000) SELECT "app_portfolio_reconocimiento"."id", "app_portfolio_reconocimiento"."titulo", "app_portfolio_reconocimiento"."descripcion" FROM "app_portfolio_reconocimiento"  LIMIT 21; args=()
Exception while resolving variable 'is_mobile' in template 'portfolio.html'.
Traceback (most recent call last):
  File "/Library/Frameworks/Python.framework/Versions/3.6/lib/python3.6/site-packages/django/template/base.py", line 829, in _resolve_lookup
    current = current[bit]
  File "/Library/Frameworks/Python.framework/Versions/3.6/lib/python3.6/site-packages/django/template/context.py", line 83, in __getitem__
    raise KeyError(key)
KeyError: 'is_mobile'

During handling of the above exception, another exception occurred:

Traceback (most recent call last):
  File "/Library/Frameworks/Python.framework/Versions/3.6/lib/python3.6/site-packages/django/template/base.py", line 835, in _resolve_lookup
    if isinstance(current, BaseContext) and getattr(type(current), bit):
AttributeError: type object 'RequestContext' has no attribute 'is_mobile'

During handling of the above exception, another exception occurred:

Traceback (most recent call last):
  File "/Library/Frameworks/Python.framework/Versions/3.6/lib/python3.6/site-packages/django/template/base.py", line 843, in _resolve_lookup
    current = current[int(bit)]
ValueError: invalid literal for int() with base 10: 'is_mobile'

During handling of the above exception, another exception occurred:

Traceback (most recent call last):
  File "/Library/Frameworks/Python.framework/Versions/3.6/lib/python3.6/site-packages/django/template/base.py", line 850, in _resolve_lookup
    (bit, current))  # missing attribute
django.template.base.VariableDoesNotExist: Failed lookup for key [is_mobile] in [{'True': True, 'False': False, 'None': None}, {'csrf_token': <SimpleLazyObject: <function csrf.<locals>._get_val at 0x10689fb70>>, 'request': <WSGIRequest: GET '/'>, 'user': <SimpleLazyObject: <function AuthenticationMiddleware.process_request.<locals>.<lambda> at 0x1064510d0>>, 'perms': <django.contrib.auth.context_processors.PermWrapper object at 0x1068e57b8>, 'messages': <django.contrib.messages.storage.fallback.FallbackStorage object at 0x106880550>, 'DEFAULT_MESSAGE_LEVELS': {'DEBUG': 10, 'INFO': 20, 'SUCCESS': 25, 'WARNING': 30, 'ERROR': 40}}, {}, {'perfil': <Perfil: KINETIA>, 'proyectos': <QuerySet [<Proyecto: Solución a problema de roturas en Ducto de una planta de Fosfatos>, <Proyecto: Validación dinámica de la Turbina Eólica ALSTOM Haliade 160>, <Proyecto: Modelo de Elementos Finitos de bomba vertical de 1MW Sulzer para la planta de Carlsbad.>, <Proyecto: Estudio de Respuesta Sísmica de Armario de Transformadores>, <Proyecto: Análisis de Vibración de Bombas de Agua de Mar>, <Proyecto: Análisis Modal de la bancada de ensayos del generador Haliade 160>, <Proyecto: Altos niveles de Vibración en la Reductora de una Extrusora >, <Proyecto: Definición de Ensayo de durabilidad en Mesa Vibrante para Radiadores Ordóñez>, <Proyecto: Diseño Dinámico y Cálculo Sísmico de la Bomba Vertical SULZER TR350>, <Proyecto: Análisis Dinámico de dos Bombas Verticales de Circulación>, <Proyecto: Altos Niveles de Vibración en bombas Horizontales de HTF>, <Proyecto: Análisis de Niveles de Vibración en Vivienda Provocados por la Actividad de una Planta>, <Proyecto: Análisis de Vibración en una Bomba Horizontal>, <Proyecto: Análisis de Vibraciones y Diagnóstico de una turbina de Vapor>, <Proyecto: Análisis y Diagnóstico de Vibraciones en un Compresor>]>, 'referencias': <QuerySet [<Referencia: Mooryati Soedibyo>, <Referencia: Eka Sari Lorena>, <Referencia: Hary Tanoesoedibjo>]>, 'habilidades': <QuerySet [<Experiencia: Análisis Modal Experimental>, <Experiencia: Análisis de Formas Modales en Operación (ODS)>, <Experiencia: Medida de Vibraciones Torsionales>, <Experiencia: Análisis Modal sobre Modelos Numéricos (FEM)>, <Experiencia: Medidas de Ruido Radiado>, <Experiencia: Intensimetría Acústica>]>, 'conocimientos': <QuerySet []>, 'reconocimientos': <QuerySet [<Reconocimiento: Marketing Excellence Awards 2017>, <Reconocimiento: The "Big Idea" competition 2017>, <Reconocimiento: Water seven art directors club awards 2016>, <Reconocimiento: Building Better Python Tools Hackathon>]>}]
Exception while resolving variable 'address' in template 'portfolio.html'.
Traceback (most recent call last):
  File "/Library/Frameworks/Python.framework/Versions/3.6/lib/python3.6/site-packages/django/template/base.py", line 829, in _resolve_lookup
    current = current[bit]
TypeError: 'Perfil' object is not subscriptable

During handling of the above exception, another exception occurred:

Traceback (most recent call last):
  File "/Library/Frameworks/Python.framework/Versions/3.6/lib/python3.6/site-packages/django/template/base.py", line 837, in _resolve_lookup
    current = getattr(current, bit)
AttributeError: 'Perfil' object has no attribute 'address'

During handling of the above exception, another exception occurred:

Traceback (most recent call last):
  File "/Library/Frameworks/Python.framework/Versions/3.6/lib/python3.6/site-packages/django/template/base.py", line 843, in _resolve_lookup
    current = current[int(bit)]
ValueError: invalid literal for int() with base 10: 'address'

During handling of the above exception, another exception occurred:

Traceback (most recent call last):
  File "/Library/Frameworks/Python.framework/Versions/3.6/lib/python3.6/site-packages/django/template/base.py", line 850, in _resolve_lookup
    (bit, current))  # missing attribute
django.template.base.VariableDoesNotExist: Failed lookup for key [address] in <Perfil: KINETIA>
(0.000) SELECT "app_portfolio_experiencia"."id", "app_portfolio_experiencia"."nombre", "app_portfolio_experiencia"."porcentaje", "app_portfolio_experiencia"."tipo" FROM "app_portfolio_experiencia" WHERE "app_portfolio_experiencia"."tipo" = '1'; args=('1',)
(0.000) SELECT "app_portfolio_experiencia"."id", "app_portfolio_experiencia"."nombre", "app_portfolio_experiencia"."porcentaje", "app_portfolio_experiencia"."tipo" FROM "app_portfolio_experiencia" WHERE "app_portfolio_experiencia"."tipo" = '2'; args=('2',)
(0.000) SELECT "app_portfolio_referencia"."id", "app_portfolio_referencia"."nombre", "app_portfolio_referencia"."puesto", "app_portfolio_referencia"."empresa", "app_portfolio_referencia"."comentario", "app_portfolio_referencia"."imagen" FROM "app_portfolio_referencia"; args=()
"GET / HTTP/1.1" 200 77267
Not Found: /media/static/assets/images/favi_trans.jpg
"GET /media/static/assets/images/favi_trans.jpg HTTP/1.1" 404 1869
Not Found: /media/static/assets/images/favi_trans_small.png
"GET /media/static/assets/images/favi_trans_small.png HTTP/1.1" 404 1887
"GET /static/assets/images/favi.jpg HTTP/1.1" 200 10723
(0.021) SELECT "app_portfolio_perfil"."id", "app_portfolio_perfil"."autor", "app_portfolio_perfil"."nombre", "app_portfolio_perfil"."direccion", "app_portfolio_perfil"."telefono", "app_portfolio_perfil"."email", "app_portfolio_perfil"."webpage", "app_portfolio_perfil"."puesto", "app_portfolio_perfil"."imagen", "app_portfolio_perfil"."cv", "app_portfolio_perfil"."fecha_nacimiento" FROM "app_portfolio_perfil" ORDER BY "app_portfolio_perfil"."id" ASC  LIMIT 1; args=()
(0.000) SELECT "app_portfolio_proyecto"."id", "app_portfolio_proyecto"."titulo", "app_portfolio_proyecto"."descripcion", "app_portfolio_proyecto"."tags", "app_portfolio_proyecto"."url", "app_portfolio_proyecto"."imagen", "app_portfolio_proyecto"."empresa", "app_portfolio_proyecto"."in_catalog" FROM "app_portfolio_proyecto"; args=()
(0.000) SELECT "app_portfolio_referencia"."id", "app_portfolio_referencia"."nombre", "app_portfolio_referencia"."puesto", "app_portfolio_referencia"."empresa", "app_portfolio_referencia"."comentario", "app_portfolio_referencia"."imagen" FROM "app_portfolio_referencia"  LIMIT 21; args=()
(0.000) SELECT "app_portfolio_experiencia"."id", "app_portfolio_experiencia"."nombre", "app_portfolio_experiencia"."porcentaje", "app_portfolio_experiencia"."tipo" FROM "app_portfolio_experiencia" WHERE "app_portfolio_experiencia"."tipo" = '1'  LIMIT 21; args=('1',)
(0.000) SELECT "app_portfolio_experiencia"."id", "app_portfolio_experiencia"."nombre", "app_portfolio_experiencia"."porcentaje", "app_portfolio_experiencia"."tipo" FROM "app_portfolio_experiencia" WHERE "app_portfolio_experiencia"."tipo" = '2'  LIMIT 21; args=('2',)
(0.000) SELECT "app_portfolio_reconocimiento"."id", "app_portfolio_reconocimiento"."titulo", "app_portfolio_reconocimiento"."descripcion" FROM "app_portfolio_reconocimiento"  LIMIT 21; args=()
Exception while resolving variable 'is_mobile' in template 'portfolio.html'.
Traceback (most recent call last):
  File "/Library/Frameworks/Python.framework/Versions/3.6/lib/python3.6/site-packages/django/template/base.py", line 829, in _resolve_lookup
    current = current[bit]
  File "/Library/Frameworks/Python.framework/Versions/3.6/lib/python3.6/site-packages/django/template/context.py", line 83, in __getitem__
    raise KeyError(key)
KeyError: 'is_mobile'

During handling of the above exception, another exception occurred:

Traceback (most recent call last):
  File "/Library/Frameworks/Python.framework/Versions/3.6/lib/python3.6/site-packages/django/template/base.py", line 835, in _resolve_lookup
    if isinstance(current, BaseContext) and getattr(type(current), bit):
AttributeError: type object 'RequestContext' has no attribute 'is_mobile'

During handling of the above exception, another exception occurred:

Traceback (most recent call last):
  File "/Library/Frameworks/Python.framework/Versions/3.6/lib/python3.6/site-packages/django/template/base.py", line 843, in _resolve_lookup
    current = current[int(bit)]
ValueError: invalid literal for int() with base 10: 'is_mobile'

During handling of the above exception, another exception occurred:

Traceback (most recent call last):
  File "/Library/Frameworks/Python.framework/Versions/3.6/lib/python3.6/site-packages/django/template/base.py", line 850, in _resolve_lookup
    (bit, current))  # missing attribute
django.template.base.VariableDoesNotExist: Failed lookup for key [is_mobile] in [{'True': True, 'False': False, 'None': None}, {'csrf_token': <SimpleLazyObject: <function csrf.<locals>._get_val at 0x106876598>>, 'request': <WSGIRequest: GET '/'>, 'user': <SimpleLazyObject: <function AuthenticationMiddleware.process_request.<locals>.<lambda> at 0x10689fae8>>, 'perms': <django.contrib.auth.context_processors.PermWrapper object at 0x1068dcef0>, 'messages': <django.contrib.messages.storage.fallback.FallbackStorage object at 0x1068d6c88>, 'DEFAULT_MESSAGE_LEVELS': {'DEBUG': 10, 'INFO': 20, 'SUCCESS': 25, 'WARNING': 30, 'ERROR': 40}}, {}, {'perfil': <Perfil: KINETIA>, 'proyectos': <QuerySet [<Proyecto: Solución a problema de roturas en Ducto de una planta de Fosfatos>, <Proyecto: Validación dinámica de la Turbina Eólica ALSTOM Haliade 160>, <Proyecto: Modelo de Elementos Finitos de bomba vertical de 1MW Sulzer para la planta de Carlsbad.>, <Proyecto: Estudio de Respuesta Sísmica de Armario de Transformadores>, <Proyecto: Análisis de Vibración de Bombas de Agua de Mar>, <Proyecto: Análisis Modal de la bancada de ensayos del generador Haliade 160>, <Proyecto: Altos niveles de Vibración en la Reductora de una Extrusora >, <Proyecto: Definición de Ensayo de durabilidad en Mesa Vibrante para Radiadores Ordóñez>, <Proyecto: Diseño Dinámico y Cálculo Sísmico de la Bomba Vertical SULZER TR350>, <Proyecto: Análisis Dinámico de dos Bombas Verticales de Circulación>, <Proyecto: Altos Niveles de Vibración en bombas Horizontales de HTF>, <Proyecto: Análisis de Niveles de Vibración en Vivienda Provocados por la Actividad de una Planta>, <Proyecto: Análisis de Vibración en una Bomba Horizontal>, <Proyecto: Análisis de Vibraciones y Diagnóstico de una turbina de Vapor>, <Proyecto: Análisis y Diagnóstico de Vibraciones en un Compresor>]>, 'referencias': <QuerySet [<Referencia: Mooryati Soedibyo>, <Referencia: Eka Sari Lorena>, <Referencia: Hary Tanoesoedibjo>]>, 'habilidades': <QuerySet [<Experiencia: Análisis Modal Experimental>, <Experiencia: Análisis de Formas Modales en Operación (ODS)>, <Experiencia: Medida de Vibraciones Torsionales>, <Experiencia: Análisis Modal sobre Modelos Numéricos (FEM)>, <Experiencia: Medidas de Ruido Radiado>, <Experiencia: Intensimetría Acústica>]>, 'conocimientos': <QuerySet []>, 'reconocimientos': <QuerySet [<Reconocimiento: Marketing Excellence Awards 2017>, <Reconocimiento: The "Big Idea" competition 2017>, <Reconocimiento: Water seven art directors club awards 2016>, <Reconocimiento: Building Better Python Tools Hackathon>]>}]
(0.000) SELECT "app_portfolio_experiencia"."id", "app_portfolio_experiencia"."nombre", "app_portfolio_experiencia"."porcentaje", "app_portfolio_experiencia"."tipo" FROM "app_portfolio_experiencia" WHERE "app_portfolio_experiencia"."tipo" = '1'; args=('1',)
(0.000) SELECT "app_portfolio_experiencia"."id", "app_portfolio_experiencia"."nombre", "app_portfolio_experiencia"."porcentaje", "app_portfolio_experiencia"."tipo" FROM "app_portfolio_experiencia" WHERE "app_portfolio_experiencia"."tipo" = '2'; args=('2',)
(0.000) SELECT "app_portfolio_referencia"."id", "app_portfolio_referencia"."nombre", "app_portfolio_referencia"."puesto", "app_portfolio_referencia"."empresa", "app_portfolio_referencia"."comentario", "app_portfolio_referencia"."imagen" FROM "app_portfolio_referencia"; args=()
"GET / HTTP/1.1" 200 77292
Not Found: /media/static/assets/images/favi_trans.jpg
Not Found: /media/static/assets/images/favi_trans_small.png
"GET /media/static/assets/images/favi_trans.jpg HTTP/1.1" 404 1869
"GET /media/static/assets/images/favi_trans_small.png HTTP/1.1" 404 1887
"GET /static/assets/images/favi.jpg HTTP/1.1" 200 10723
(0.001) 
            SELECT name, type FROM sqlite_master
            WHERE type in ('table', 'view') AND NOT name='sqlite_sequence'
            ORDER BY name; args=None
(0.000) SELECT "django_migrations"."app", "django_migrations"."name" FROM "django_migrations"; args=()
(0.001) SELECT "app_portfolio_perfil"."id", "app_portfolio_perfil"."autor", "app_portfolio_perfil"."nombre", "app_portfolio_perfil"."direccion", "app_portfolio_perfil"."telefono", "app_portfolio_perfil"."email", "app_portfolio_perfil"."webpage", "app_portfolio_perfil"."puesto", "app_portfolio_perfil"."imagen", "app_portfolio_perfil"."cv", "app_portfolio_perfil"."fecha_nacimiento" FROM "app_portfolio_perfil" ORDER BY "app_portfolio_perfil"."id" ASC  LIMIT 1; args=()
(0.000) SELECT "app_portfolio_proyecto"."id", "app_portfolio_proyecto"."titulo", "app_portfolio_proyecto"."descripcion", "app_portfolio_proyecto"."tags", "app_portfolio_proyecto"."url", "app_portfolio_proyecto"."imagen", "app_portfolio_proyecto"."empresa", "app_portfolio_proyecto"."in_catalog" FROM "app_portfolio_proyecto"; args=()
(0.000) SELECT "app_portfolio_referencia"."id", "app_portfolio_referencia"."nombre", "app_portfolio_referencia"."puesto", "app_portfolio_referencia"."empresa", "app_portfolio_referencia"."comentario", "app_portfolio_referencia"."imagen" FROM "app_portfolio_referencia"  LIMIT 21; args=()
(0.000) SELECT "app_portfolio_experiencia"."id", "app_portfolio_experiencia"."nombre", "app_portfolio_experiencia"."porcentaje", "app_portfolio_experiencia"."tipo" FROM "app_portfolio_experiencia" WHERE "app_portfolio_experiencia"."tipo" = '1'  LIMIT 21; args=('1',)
(0.000) SELECT "app_portfolio_experiencia"."id", "app_portfolio_experiencia"."nombre", "app_portfolio_experiencia"."porcentaje", "app_portfolio_experiencia"."tipo" FROM "app_portfolio_experiencia" WHERE "app_portfolio_experiencia"."tipo" = '2'  LIMIT 21; args=('2',)
(0.000) SELECT "app_portfolio_reconocimiento"."id", "app_portfolio_reconocimiento"."titulo", "app_portfolio_reconocimiento"."descripcion" FROM "app_portfolio_reconocimiento"  LIMIT 21; args=()
Exception while resolving variable 'is_mobile' in template 'portfolio.html'.
Traceback (most recent call last):
  File "/Library/Frameworks/Python.framework/Versions/3.6/lib/python3.6/site-packages/django/template/base.py", line 829, in _resolve_lookup
    current = current[bit]
  File "/Library/Frameworks/Python.framework/Versions/3.6/lib/python3.6/site-packages/django/template/context.py", line 83, in __getitem__
    raise KeyError(key)
KeyError: 'is_mobile'

During handling of the above exception, another exception occurred:

Traceback (most recent call last):
  File "/Library/Frameworks/Python.framework/Versions/3.6/lib/python3.6/site-packages/django/template/base.py", line 835, in _resolve_lookup
    if isinstance(current, BaseContext) and getattr(type(current), bit):
AttributeError: type object 'RequestContext' has no attribute 'is_mobile'

During handling of the above exception, another exception occurred:

Traceback (most recent call last):
  File "/Library/Frameworks/Python.framework/Versions/3.6/lib/python3.6/site-packages/django/template/base.py", line 843, in _resolve_lookup
    current = current[int(bit)]
ValueError: invalid literal for int() with base 10: 'is_mobile'

During handling of the above exception, another exception occurred:

Traceback (most recent call last):
  File "/Library/Frameworks/Python.framework/Versions/3.6/lib/python3.6/site-packages/django/template/base.py", line 850, in _resolve_lookup
    (bit, current))  # missing attribute
django.template.base.VariableDoesNotExist: Failed lookup for key [is_mobile] in [{'True': True, 'False': False, 'None': None}, {'csrf_token': <SimpleLazyObject: <function csrf.<locals>._get_val at 0x111911b70>>, 'request': <WSGIRequest: GET '/'>, 'user': <SimpleLazyObject: <function AuthenticationMiddleware.process_request.<locals>.<lambda> at 0x1114c5268>>, 'perms': <django.contrib.auth.context_processors.PermWrapper object at 0x111958860>, 'messages': <django.contrib.messages.storage.fallback.FallbackStorage object at 0x1118ee5f8>, 'DEFAULT_MESSAGE_LEVELS': {'DEBUG': 10, 'INFO': 20, 'SUCCESS': 25, 'WARNING': 30, 'ERROR': 40}}, {}, {'perfil': <Perfil: KINETIA>, 'proyectos': <QuerySet [<Proyecto: Solución a problema de roturas en Ducto de una planta de Fosfatos>, <Proyecto: Validación dinámica de la Turbina Eólica ALSTOM Haliade 160>, <Proyecto: Modelo de Elementos Finitos de bomba vertical de 1MW Sulzer para la planta de Carlsbad.>, <Proyecto: Estudio de Respuesta Sísmica de Armario de Transformadores>, <Proyecto: Análisis de Vibración de Bombas de Agua de Mar>, <Proyecto: Análisis Modal de la bancada de ensayos del generador Haliade 160>, <Proyecto: Altos niveles de Vibración en la Reductora de una Extrusora >, <Proyecto: Definición de Ensayo de durabilidad en Mesa Vibrante para Radiadores Ordóñez>, <Proyecto: Diseño Dinámico y Cálculo Sísmico de la Bomba Vertical SULZER TR350>, <Proyecto: Análisis Dinámico de dos Bombas Verticales de Circulación>, <Proyecto: Altos Niveles de Vibración en bombas Horizontales de HTF>, <Proyecto: Análisis de Niveles de Vibración en Vivienda Provocados por la Actividad de una Planta>, <Proyecto: Análisis de Vibración en una Bomba Horizontal>, <Proyecto: Análisis de Vibraciones y Diagnóstico de una turbina de Vapor>, <Proyecto: Análisis y Diagnóstico de Vibraciones en un Compresor>]>, 'referencias': <QuerySet [<Referencia: Mooryati Soedibyo>, <Referencia: Eka Sari Lorena>, <Referencia: Hary Tanoesoedibjo>]>, 'habilidades': <QuerySet [<Experiencia: Análisis Modal Experimental>, <Experiencia: Análisis de Formas Modales en Operación (ODS)>, <Experiencia: Medida de Vibraciones Torsionales>, <Experiencia: Análisis Modal sobre Modelos Numéricos (FEM)>, <Experiencia: Medidas de Ruido Radiado>, <Experiencia: Intensimetría Acústica>]>, 'conocimientos': <QuerySet []>, 'reconocimientos': <QuerySet [<Reconocimiento: Marketing Excellence Awards 2017>, <Reconocimiento: The "Big Idea" competition 2017>, <Reconocimiento: Water seven art directors club awards 2016>, <Reconocimiento: Building Better Python Tools Hackathon>]>}]
(0.000) SELECT "app_portfolio_experiencia"."id", "app_portfolio_experiencia"."nombre", "app_portfolio_experiencia"."porcentaje", "app_portfolio_experiencia"."tipo" FROM "app_portfolio_experiencia" WHERE "app_portfolio_experiencia"."tipo" = '1'; args=('1',)
(0.000) SELECT "app_portfolio_experiencia"."id", "app_portfolio_experiencia"."nombre", "app_portfolio_experiencia"."porcentaje", "app_portfolio_experiencia"."tipo" FROM "app_portfolio_experiencia" WHERE "app_portfolio_experiencia"."tipo" = '2'; args=('2',)
(0.000) SELECT "app_portfolio_referencia"."id", "app_portfolio_referencia"."nombre", "app_portfolio_referencia"."puesto", "app_portfolio_referencia"."empresa", "app_portfolio_referencia"."comentario", "app_portfolio_referencia"."imagen" FROM "app_portfolio_referencia"; args=()
"GET / HTTP/1.1" 200 77292
Not Found: /media/static/assets/images/favi_trans_small.png
Not Found: /media/static/assets/images/favi_trans.jpg
"GET /media/static/assets/images/favi_trans.jpg HTTP/1.1" 404 1869
"GET /media/static/assets/images/favi_trans_small.png HTTP/1.1" 404 1887
"GET /static/assets/images/favi.jpg HTTP/1.1" 200 10723
(0.033) SELECT "app_portfolio_perfil"."id", "app_portfolio_perfil"."autor", "app_portfolio_perfil"."nombre", "app_portfolio_perfil"."direccion", "app_portfolio_perfil"."telefono", "app_portfolio_perfil"."email", "app_portfolio_perfil"."webpage", "app_portfolio_perfil"."puesto", "app_portfolio_perfil"."imagen", "app_portfolio_perfil"."cv", "app_portfolio_perfil"."fecha_nacimiento" FROM "app_portfolio_perfil" ORDER BY "app_portfolio_perfil"."id" ASC  LIMIT 1; args=()
(0.000) SELECT "app_portfolio_proyecto"."id", "app_portfolio_proyecto"."titulo", "app_portfolio_proyecto"."descripcion", "app_portfolio_proyecto"."tags", "app_portfolio_proyecto"."url", "app_portfolio_proyecto"."imagen", "app_portfolio_proyecto"."empresa", "app_portfolio_proyecto"."in_catalog" FROM "app_portfolio_proyecto"; args=()
(0.000) SELECT "app_portfolio_referencia"."id", "app_portfolio_referencia"."nombre", "app_portfolio_referencia"."puesto", "app_portfolio_referencia"."empresa", "app_portfolio_referencia"."comentario", "app_portfolio_referencia"."imagen" FROM "app_portfolio_referencia"  LIMIT 21; args=()
(0.000) SELECT "app_portfolio_experiencia"."id", "app_portfolio_experiencia"."nombre", "app_portfolio_experiencia"."porcentaje", "app_portfolio_experiencia"."tipo" FROM "app_portfolio_experiencia" WHERE "app_portfolio_experiencia"."tipo" = '1'  LIMIT 21; args=('1',)
(0.000) SELECT "app_portfolio_experiencia"."id", "app_portfolio_experiencia"."nombre", "app_portfolio_experiencia"."porcentaje", "app_portfolio_experiencia"."tipo" FROM "app_portfolio_experiencia" WHERE "app_portfolio_experiencia"."tipo" = '2'  LIMIT 21; args=('2',)
(0.000) SELECT "app_portfolio_reconocimiento"."id", "app_portfolio_reconocimiento"."titulo", "app_portfolio_reconocimiento"."descripcion" FROM "app_portfolio_reconocimiento"  LIMIT 21; args=()
Exception while resolving variable 'is_mobile' in template 'portfolio.html'.
Traceback (most recent call last):
  File "/Library/Frameworks/Python.framework/Versions/3.6/lib/python3.6/site-packages/django/template/base.py", line 829, in _resolve_lookup
    current = current[bit]
  File "/Library/Frameworks/Python.framework/Versions/3.6/lib/python3.6/site-packages/django/template/context.py", line 83, in __getitem__
    raise KeyError(key)
KeyError: 'is_mobile'

During handling of the above exception, another exception occurred:

Traceback (most recent call last):
  File "/Library/Frameworks/Python.framework/Versions/3.6/lib/python3.6/site-packages/django/template/base.py", line 835, in _resolve_lookup
    if isinstance(current, BaseContext) and getattr(type(current), bit):
AttributeError: type object 'RequestContext' has no attribute 'is_mobile'

During handling of the above exception, another exception occurred:

Traceback (most recent call last):
  File "/Library/Frameworks/Python.framework/Versions/3.6/lib/python3.6/site-packages/django/template/base.py", line 843, in _resolve_lookup
    current = current[int(bit)]
ValueError: invalid literal for int() with base 10: 'is_mobile'

During handling of the above exception, another exception occurred:

Traceback (most recent call last):
  File "/Library/Frameworks/Python.framework/Versions/3.6/lib/python3.6/site-packages/django/template/base.py", line 850, in _resolve_lookup
    (bit, current))  # missing attribute
django.template.base.VariableDoesNotExist: Failed lookup for key [is_mobile] in [{'True': True, 'False': False, 'None': None}, {'csrf_token': <SimpleLazyObject: <function csrf.<locals>._get_val at 0x111911b70>>, 'request': <WSGIRequest: GET '/'>, 'user': <SimpleLazyObject: <function AuthenticationMiddleware.process_request.<locals>.<lambda> at 0x111911400>>, 'perms': <django.contrib.auth.context_processors.PermWrapper object at 0x111948860>, 'messages': <django.contrib.messages.storage.fallback.FallbackStorage object at 0x11194ee80>, 'DEFAULT_MESSAGE_LEVELS': {'DEBUG': 10, 'INFO': 20, 'SUCCESS': 25, 'WARNING': 30, 'ERROR': 40}}, {}, {'perfil': <Perfil: KINETIA>, 'proyectos': <QuerySet [<Proyecto: Solución a problema de roturas en Ducto de una planta de Fosfatos>, <Proyecto: Validación dinámica de la Turbina Eólica ALSTOM Haliade 160>, <Proyecto: Modelo de Elementos Finitos de bomba vertical de 1MW Sulzer para la planta de Carlsbad.>, <Proyecto: Estudio de Respuesta Sísmica de Armario de Transformadores>, <Proyecto: Análisis de Vibración de Bombas de Agua de Mar>, <Proyecto: Análisis Modal de la bancada de ensayos del generador Haliade 160>, <Proyecto: Altos niveles de Vibración en la Reductora de una Extrusora >, <Proyecto: Definición de Ensayo de durabilidad en Mesa Vibrante para Radiadores Ordóñez>, <Proyecto: Diseño Dinámico y Cálculo Sísmico de la Bomba Vertical SULZER TR350>, <Proyecto: Análisis Dinámico de dos Bombas Verticales de Circulación>, <Proyecto: Altos Niveles de Vibración en bombas Horizontales de HTF>, <Proyecto: Análisis de Niveles de Vibración en Vivienda Provocados por la Actividad de una Planta>, <Proyecto: Análisis de Vibración en una Bomba Horizontal>, <Proyecto: Análisis de Vibraciones y Diagnóstico de una turbina de Vapor>, <Proyecto: Análisis y Diagnóstico de Vibraciones en un Compresor>]>, 'referencias': <QuerySet [<Referencia: Mooryati Soedibyo>, <Referencia: Eka Sari Lorena>, <Referencia: Hary Tanoesoedibjo>]>, 'habilidades': <QuerySet [<Experiencia: Análisis Modal Experimental>, <Experiencia: Análisis de Formas Modales en Operación (ODS)>, <Experiencia: Medida de Vibraciones Torsionales>, <Experiencia: Análisis Modal sobre Modelos Numéricos (FEM)>, <Experiencia: Medidas de Ruido Radiado>, <Experiencia: Intensimetría Acústica>]>, 'conocimientos': <QuerySet []>, 'reconocimientos': <QuerySet [<Reconocimiento: Marketing Excellence Awards 2017>, <Reconocimiento: The "Big Idea" competition 2017>, <Reconocimiento: Water seven art directors club awards 2016>, <Reconocimiento: Building Better Python Tools Hackathon>]>}]
(0.000) SELECT "app_portfolio_experiencia"."id", "app_portfolio_experiencia"."nombre", "app_portfolio_experiencia"."porcentaje", "app_portfolio_experiencia"."tipo" FROM "app_portfolio_experiencia" WHERE "app_portfolio_experiencia"."tipo" = '1'; args=('1',)
(0.000) SELECT "app_portfolio_experiencia"."id", "app_portfolio_experiencia"."nombre", "app_portfolio_experiencia"."porcentaje", "app_portfolio_experiencia"."tipo" FROM "app_portfolio_experiencia" WHERE "app_portfolio_experiencia"."tipo" = '2'; args=('2',)
(0.000) SELECT "app_portfolio_referencia"."id", "app_portfolio_referencia"."nombre", "app_portfolio_referencia"."puesto", "app_portfolio_referencia"."empresa", "app_portfolio_referencia"."comentario", "app_portfolio_referencia"."imagen" FROM "app_portfolio_referencia"; args=()
"GET / HTTP/1.1" 200 77292
Not Found: /media/static/assets/images/favi_trans.jpg
Not Found: /media/static/assets/images/favi_trans_small.png
"GET /media/static/assets/images/favi_trans.jpg HTTP/1.1" 404 1869
"GET /media/static/assets/images/favi_trans_small.png HTTP/1.1" 404 1887
"GET /static/assets/images/favi.jpg HTTP/1.1" 200 10723
